* using log directory ‘/home/agsad.admin.ch/f80868656/projects/pfm/pfm.Rcheck’
* using R version 4.4.1 (2024-06-14)
* using platform: x86_64-pc-linux-gnu
* R was compiled by
    gcc (Ubuntu 11.4.0-1ubuntu1~22.04) 11.4.0
    GNU Fortran (Ubuntu 11.4.0-1ubuntu1~22.04) 11.4.0
* running under: Ubuntu 22.04.4 LTS
* using session charset: UTF-8
* using options ‘--no-tests --as-cran’
* checking for file ‘pfm/DESCRIPTION’ ... OK
* checking extension type ... Package
* this is package ‘pfm’ version ‘0.6.3’
* package encoding: UTF-8
* checking CRAN incoming feasibility ... NOTE
Maintainer: ‘Johannes Ranke <johannes.ranke@agroscope.admin.ch>’

Size of tarball: 8531409 bytes
* checking package namespace information ... OK
* checking package dependencies ... OK
* checking if this is a source package ... OK
* checking if there is a namespace ... OK
* checking for executable files ... OK
* checking for hidden files and directories ... OK
* checking for portable file names ... OK
* checking for sufficient/correct file permissions ... OK
* checking whether package ‘pfm’ can be installed ... OK
* checking installed package size ... NOTE
  installed size is 10.3Mb
  sub-directories of 1Mb or more:
    testdata   9.9Mb
* checking package directory ... OK
* checking for future file timestamps ... OK
* checking DESCRIPTION meta-information ... OK
* checking top-level files ... NOTE
Files ‘README.md’ or ‘NEWS.md’ cannot be checked without ‘pandoc’ being installed.
* checking for left-over files ... OK
* checking index information ... OK
* checking package subdirectories ... OK
* checking code files for non-ASCII characters ... OK
* checking R files for syntax errors ... OK
* checking whether the package can be loaded ... OK
* checking whether the package can be loaded with stated dependencies ... OK
* checking whether the package can be unloaded cleanly ... OK
* checking whether the namespace can be loaded with stated dependencies ... OK
* checking whether the namespace can be unloaded cleanly ... OK
* checking loading without being on the library search path ... OK
* checking use of S3 registration ... OK
* checking dependencies in R code ... OK
* checking S3 generic/method consistency ... OK
* checking replacement functions ... OK
* checking foreign function calls ... OK
* checking R code for possible problems ... OK
* checking Rd files ... OK
* checking Rd metadata ... OK
* checking Rd line widths ... OK
* checking Rd cross-references ... OK
* checking for missing documentation entries ... OK
* checking for code/documentation mismatches ... OK
* checking Rd \usage sections ... OK
* checking Rd contents ... OK
* checking for unstated dependencies in examples ... OK
* checking contents of ‘data’ directory ... OK
* checking data for non-ASCII characters ... OK
* checking LazyData ... OK
* checking data for ASCII and uncompressed saves ... OK
* checking examples ... [21s/11s] OK
* checking for unstated dependencies in ‘tests’ ... OK
* checking tests ... SKIPPED
* checking PDF version of manual ... OK
* checking HTML version of manual ... NOTE
Skipping checking HTML validation: no command 'tidy' found
* checking for non-standard things in the check directory ... OK
* checking for detritus in the temp directory ... OK
* DONE

Status: 4 NOTEs
See
  ‘/home/agsad.admin.ch/f80868656/projects/pfm/pfm.Rcheck/00check.log’
for details.

